<?xml version="1.0" encoding="UTF-8"?>
<!-- Generated by org.testng.reporters.JUnitReportReporter -->
<testsuite skipped="0" hostname="ritu01" name="com.Rest.Base" tests="2" failures="0" timestamp="01 Nov 2019 08:57:11 GMT" time="1.968" errors="0">
  <testcase name="DeleteTest1" time="1.516" classname="com.Rest.Base"/>
  <testcase name="DeleteTest2" time="0.452" classname="com.Rest.Base"/>
</testsuite> <!-- com.Rest.Base -->
