<?xml version="1.0" encoding="UTF-8"?>
<!-- Generated by org.testng.reporters.JUnitReportReporter -->
<testsuite skipped="0" hostname="ritu01" name="com.Rest.GetRequest" tests="1" failures="0" timestamp="31 Oct 2019 04:45:11 GMT" time="1.656" errors="0">
  <testcase name="getLists" time="1.656" classname="com.Rest.GetRequest"/>
</testsuite> <!-- com.Rest.GetRequest -->
